This is LuaTeX, Version 0.95.0 (TeX Live 2016/W32TeX)  (format=lualatex 2017.4.10)  19 APR 2018 13:21
 restricted system commands enabled.
 file:line:error style messages enabled.
**durchfuehrung.tex
(./durchfuehrung.tex
LaTeX2e <2017/01/01> patch level 3
Lua module: luaotfload-main 2017/01/29 2.80001 OpenType layout system.
Lua module: lualibs 2017-02-01 2.5 ConTeXt Lua standard libraries.
Lua module: lualibs-extended 2017-02-01 2.5 ConTeXt Lua libraries -- extended collection.(using cache: C:/texlive/2016/texmf-var/luatex-cache/generic)
luaotfload | conf : Root cache directory is C:/texlive/2016/texmf-var/luatex-cache/generic/names.
luaotfload | init : Loading fontloader “fontloader-2017-02-11.lua” from kpse-resolved path “c:/texlive/2016/texmf-dist/tex/luatex/luaotfload/fontloader-2017-02-11.lua”.
Lua-only attribute luaotfload@state = 1
Lua-only attribute luaotfload@noligature = 2
Lua-only attribute luaotfload@syllabe = 3
luaotfload | init : Context OpenType loader version “3.027”
Inserting `luaotfload.node_processor' at position 1 in `pre_linebreak_filter'.
Inserting `luaotfload.node_processor' at position 1 in `hpack_filter'.
Inserting `luaotfload.define_font' at position 1 in `define_font'.
Lua-only attribute luaotfload_color_attribute = 4
luaotfload | conf : Root cache directory is C:/texlive/2016/texmf-var/luatex-cache/generic/names.
Inserting `luaotfload.aux.set_sscale_dimens' at position 1 in `luaotfload.patch_font'.
Inserting `luaotfload.aux.patch_cambria_domh' at position 2 in `luaotfload.patch_font'.
Inserting `luaotfload.aux.fixup_fontdata' at position 1 in `luaotfload.patch_font_unsafe'.
Inserting `luaotfload.aux.set_capheight' at position 3 in `luaotfload.patch_font'.
Inserting `luaotfload.rewrite_fontname' at position 4 in `luaotfload.patch_font'.
luaotfload | main : initialization completed in 0.512 seconds
Babel <3.9r> and hyphenation patterns for 1 language(s) loaded.
./durchfuehrung.tex:1: Undefined control sequence.
l.1 \section
          {Durchführung}
The control sequence at the end of the top line
of your error message was never \def'ed. If you have
misspelled it (e.g., `\hobx'), type `I' and the correct
spelling (e.g., `I\hbox'). Otherwise just continue,
and I'll forget about whatever was undefined.


./durchfuehrung.tex:1: LaTeX Error: Missing \begin{document}.

See the LaTeX manual or LaTeX Companion for explanation.
Type  H <return>  for immediate help.
 ...                                              
                                                  
l.1 \section{D
            urchführung}
You're in trouble here.  Try typing  <return>  to proceed.
If that doesn't work, type  X <return>  to quit.

./durchfuehrung.tex:2: Undefined control sequence.
l.2 \subsection
             {Versuchsaufbau}
The control sequence at the end of the top line
of your error message was never \def'ed. If you have
misspelled it (e.g., `\hobx'), type `I' and the correct
spelling (e.g., `I\hbox'). Otherwise just continue,
and I'll forget about whatever was undefined.

luaotfload | db : Font names database loaded from C:/texlive/2016/texmf-var/luatex-cache/generic/names/luaotfload-names.luc(load luc: C:/texlive/2016/texmf-var/luatex-cache/generic/fonts/otl/lmroman10-regular.luc)(load luc: C:/texlive/2016/texmf-var/luatex-cache/generic/fonts/otl/lmroman10-bold.luc)
./durchfuehrung.tex:3: Undefined control sequence.
<write> ...ing: Reference `fotosaufbau1' on page \thepage 
                                                  \space undefined\on@line .
l.3 ...nhand der Fotos in den Abb.\ref{fotosaufbau1}
                                                   bis Abb.\ref{fotosaufbau3...
The control sequence at the end of the top line
of your error message was never \def'ed. If you have
misspelled it (e.g., `\hobx'), type `I' and the correct
spelling (e.g., `I\hbox'). Otherwise just continue,
and I'll forget about whatever was undefined.


LaTeX Warning: Reference `fotosaufbau1' on page  undefined on input line 3.

./durchfuehrung.tex:3: Undefined control sequence.
<write> ...ing: Reference `fotosaufbau3' on page \thepage 
                                                  \space undefined\on@line .
l.3 ...\ref{fotosaufbau1} bis Abb.\ref{fotosaufbau3}
                                                   nachvollzogen werden.
The control sequence at the end of the top line
of your error message was never \def'ed. If you have
misspelled it (e.g., `\hobx'), type `I' and the correct
spelling (e.g., `I\hbox'). Otherwise just continue,
and I'll forget about whatever was undefined.


LaTeX Warning: Reference `fotosaufbau3' on page  undefined on input line 3.


./durchfuehrung.tex:4: LaTeX Error: Environment figure undefined.

See the LaTeX manual or LaTeX Companion for explanation.
Type  H <return>  for immediate help.
 ...                                              
                                                  
l.4 \begin{figure}
                [H]
Your command was ignored.
Type  I <command> <return>  to replace it with another command,
or  <return>  to continue without it.

./durchfuehrung.tex:6: Undefined control sequence.
l.6   \includegraphics
                    [scale=0.4]{fotosaufbau1.png}
The control sequence at the end of the top line
of your error message was never \def'ed. If you have
misspelled it (e.g., `\hobx'), type `I' and the correct
spelling (e.g., `I\hbox'). Otherwise just continue,
and I'll forget about whatever was undefined.


./durchfuehrung.tex:7: LaTeX Error: \caption outside float.

See the LaTeX manual or LaTeX Companion for explanation.
Type  H <return>  for immediate help.
 ...                                              
                                                  
l.7   \caption
            {Foto des genutzten Versuchaufbaus.}
You're in trouble here.  Try typing  <return>  to proceed.
If that doesn't work, type  X <return>  to quit.


./durchfuehrung.tex:9: LaTeX Error: \begin{document} ended by \end{figure}.

See the LaTeX manual or LaTeX Companion for explanation.
Type  H <return>  for immediate help.
 ...                                              
                                                  
l.9 \end{figure}
              
Your command was ignored.
Type  I <command> <return>  to replace it with another command,
or  <return>  to continue without it.

)
! Emergency stop.
<*> durchfuehrung.tex
                  
*** (job aborted, no legal \end found)



Here is how much of LuaTeX's memory you used:
 17 strings out of 494577
 100000,89155 words of node,token memory allocated 1521 words of node memory still in use:
   3 hlist, 1 local_par, 1 dir, 29 glue, 165 glyph, 14 attribute, 33 glue_spec, 14 attribute_list, 1 temp, 1 write nodes
   avail lists: 3:1,4:1,5:5,7:2,8:1
 4194 multiletter control sequences out of 65536+600000
 16 fonts using 602543 bytes
 18i,2n,16p,143b,96s stack positions out of 5000i,500n,10000p,200000b,100000s
!  ==> Fatal error occurred, no output PDF file produced!
