

*******************************************************************************
Wed Apr 25 12:22:17 2018


FIT:    data read from 'c:\users\pauli\desktop\turbolog.txt'
        format = z
        x range restricted to [-2.22221 : 10.2778]
        #datapoints = 4
        residuals are weighted equally (unit weight)

function used for fitting: f(x)
	f(x)=m*x+b
fitted parameters initialized with current variable values

iter      chisq       delta/lim  lambda   m             b            
   0 8.6308681355e-02  0.00e+00 1.09e+00 -9.112134e-01  1.731289e-01
   3 8.6283673136e-02 -3.77e-01 1.09e-03 -9.111719e-01  1.755761e-01

After 3 iterations the fit converged.
final sum of squares of residuals : 0.0862837
rel. change during last iteration : -3.76603e-006

degrees of freedom    (FIT_NDF)                        : 2
rms of residuals      (FIT_STDFIT) = sqrt(WSSR/ndf)    : 0.207706
variance of residuals (reduced chisquare) = WSSR/ndf   : 0.0431418

Final set of parameters            Asymptotic Standard Error
=======================            ==========================
m               = -0.911172        +/- 0.09416      (10.33%)
b               = 0.175576         +/- 0.1577       (89.81%)

correlation matrix of the fit parameters:
                m      b      
m               1.000 
b              -0.752  1.000 


*******************************************************************************
Wed Apr 25 12:22:26 2018


FIT:    data read from 'c:\users\pauli\desktop\turbolog.txt'
        format = z
        x range restricted to [-2.22221 : 10.2778]
        #datapoints = 4
        residuals are weighted equally (unit weight)

function used for fitting: g(x)
	g(x)=k*x+c
fitted parameters initialized with current variable values

iter      chisq       delta/lim  lambda   m             b            
   0 7.7021918582e+00  0.00e+00 0.00e+00 -9.111719e-01  1.755761e-01
BREAK: Singular matrix in Givens()

*******************************************************************************
Wed Apr 25 12:22:33 2018


FIT:    data read from 'c:\users\pauli\desktop\turbolog.txt'
        format = z
        x range restricted to [-2.22221 : 10.2778]
        #datapoints = 4
        residuals are weighted equally (unit weight)

function used for fitting: g(x)
	g(x)=k*x+c
fitted parameters initialized with current variable values

iter      chisq       delta/lim  lambda   k             c            
   0 7.7021918582e+00  0.00e+00 1.31e+00 -6.588446e-01 -1.493847e+00
   4 8.6283673134e-02 -6.81e-07 1.31e-04 -9.111723e-01  1.755771e-01

After 4 iterations the fit converged.
final sum of squares of residuals : 0.0862837
rel. change during last iteration : -6.80993e-012

degrees of freedom    (FIT_NDF)                        : 2
rms of residuals      (FIT_STDFIT) = sqrt(WSSR/ndf)    : 0.207706
variance of residuals (reduced chisquare) = WSSR/ndf   : 0.0431418

Final set of parameters            Asymptotic Standard Error
=======================            ==========================
k               = -0.911172        +/- 0.09416      (10.33%)
c               = 0.175577         +/- 0.1577       (89.81%)

correlation matrix of the fit parameters:
                k      c      
k               1.000 
c              -0.752  1.000 


*******************************************************************************
Wed Apr 25 12:24:17 2018


FIT:    data read from 'c:\users\pauli\desktop\turbolog2.txt'
        format = z
        x range restricted to [-0.980869 : 14.6441]
        #datapoints = 3
        residuals are weighted equally (unit weight)

function used for fitting: g(x)
	g(x)=k*x+c
fitted parameters initialized with current variable values

iter      chisq       delta/lim  lambda   k             c            
   0 5.6361134397e+00  0.00e+00 4.60e+00 -9.111723e-01  1.755771e-01
   5 1.4247672854e-01 -7.51e-02 4.60e-05 -5.214601e-01 -1.450430e+00

After 5 iterations the fit converged.
final sum of squares of residuals : 0.142477
rel. change during last iteration : -7.51198e-007

degrees of freedom    (FIT_NDF)                        : 1
rms of residuals      (FIT_STDFIT) = sqrt(WSSR/ndf)    : 0.377461
variance of residuals (reduced chisquare) = WSSR/ndf   : 0.142477

Final set of parameters            Asymptotic Standard Error
=======================            ==========================
k               = -0.52146         +/- 0.09308      (17.85%)
c               = -1.45043         +/- 0.6638       (45.77%)

correlation matrix of the fit parameters:
                k      c      
k               1.000 
c              -0.945  1.000 


*******************************************************************************
Wed Apr 25 12:28:55 2018


FIT:    data read from 'c:\users\pauli\desktop\turbolog.txt'
        format = z
        x range restricted to [-0.779604 : 11.7204]
        #datapoints = 4
        residuals are weighted equally (unit weight)

function used for fitting: f(x)
	f(x)=m*x+b
fitted parameters initialized with current variable values

iter      chisq       delta/lim  lambda   m             b            
   0 8.6283795847e-02  0.00e+00 1.09e+00 -9.111719e-01  1.757517e-01
   1 8.6283721711e-02 -8.59e-02 1.09e-01 -9.112384e-01  1.757430e-01

After 1 iterations the fit converged.
final sum of squares of residuals : 0.0862837
rel. change during last iteration : -8.59215e-007

degrees of freedom    (FIT_NDF)                        : 2
rms of residuals      (FIT_STDFIT) = sqrt(WSSR/ndf)    : 0.207706
variance of residuals (reduced chisquare) = WSSR/ndf   : 0.0431419

Final set of parameters            Asymptotic Standard Error
=======================            ==========================
m               = -0.911238        +/- 0.09416      (10.33%)
b               = 0.175743         +/- 0.1577       (89.72%)

correlation matrix of the fit parameters:
                m      b      
m               1.000 
b              -0.752  1.000 


*******************************************************************************
Wed Apr 25 12:29:56 2018


FIT:    data read from 'c:\users\pauli\desktop\turbolog2.txt'
        format = z
        x range restricted to [-0.779604 : 11.7204]
        #datapoints = 3
        residuals are weighted equally (unit weight)

function used for fitting: g(x)
	g(x)=k*x+c
fitted parameters initialized with current variable values

iter      chisq       delta/lim  lambda   k             c            
   0 1.4247672854e-01  0.00e+00 2.82e+00 -5.214601e-01 -1.450430e+00
   1 1.4247672854e-01 -2.14e-10 2.82e-01 -5.214601e-01 -1.450430e+00

After 1 iterations the fit converged.
final sum of squares of residuals : 0.142477
rel. change during last iteration : -2.14289e-015

degrees of freedom    (FIT_NDF)                        : 1
rms of residuals      (FIT_STDFIT) = sqrt(WSSR/ndf)    : 0.377461
variance of residuals (reduced chisquare) = WSSR/ndf   : 0.142477

Final set of parameters            Asymptotic Standard Error
=======================            ==========================
k               = -0.52146         +/- 0.09308      (17.85%)
c               = -1.45043         +/- 0.6638       (45.77%)

correlation matrix of the fit parameters:
                k      c      
k               1.000 
c              -0.945  1.000 
